<?xml version="1.0" encoding="UTF-8"?>
<!-- Generated by org.testng.reporters.JUnitXMLReporter -->
<testsuite ignored="0" hostname="DESKTOP-390DHBP" failures="2" tests="24" name="Test" time="147.242" errors="0" timestamp="2023-02-27T13:13:28 IST">
  <testcase classname="dashboard.InactiveVehicleListPageTest" name="TC_inactiveVehicleListColumnsBtnColor" time="1.138"/>
  <testcase classname="dashboard.InactiveVehicleListPageTest" name="TC_inactiveVehicleListFiltersTooltip" time="2.262"/>
  <testcase classname="dashboard.InactiveVehicleListPageTest" name="TC_inactiveVehicleListColmnsList" time="3.481"/>
  <testcase classname="dashboard.InactiveVehicleListPageTest" name="TC_inactiveVehicleListColumnsBtnColorAfterClick" time="2.222"/>
  <testcase classname="dashboard.InactiveVehicleListPageTest" name="TC_inactiveVehicleListColumnsHideAll" time="10.585"/>
  <testcase classname="dashboard.InactiveVehicleListPageTest" name="TC_inactiveVehicleListColumnsShowAll" time="1.463"/>
  <testcase classname="dashboard.InactiveVehicleListPageTest" name="TC_inactiveVehicleListDownloadList" time="0.305"/>
  <testcase classname="dashboard.InactiveVehicleListPageTest" name="TC_inactiveVehicleListFiltersBtnColor" time="1.563"/>
  <testcase classname="dashboard.InactiveVehicleListPageTest" name="TC_inactiveVehicleListFiltersBtnColorAfterClick" time="2.227"/>
  <testcase classname="dashboard.InactiveVehicleListPageTest" name="TC_inactiveVehicleListFiltersDeleteBtn" time="1.041"/>
  <testcase classname="dashboard.InactiveVehicleListPageTest" name="TC_inactiveVehicleListFiltersList" time="6.415"/>
  <testcase classname="dashboard.InactiveVehicleListPageTest" name="TC_inactiveVehicleListRecordsPerPage" time="8.814"/>
  <testcase classname="dashboard.InactiveVehicleListPageTest" name="TC_inactiveVehicleListRecordsPerPageText" time="0.506"/>
  <testcase classname="dashboard.InactiveVehicleListPageTest" name="TC_inactiveVehicleListSearch" time="18.523"/>
  <testcase classname="dashboard.InactiveVehicleListPageTest" name="TC_inactiveVehicleListSort" time="26.712"/>
  <testcase classname="dashboard.InactiveVehicleListPageTest" name="TC_inactiveVehicleListTitle" time="0.277"/>
  <testcase classname="dashboard.InactiveVehicleListPageTest" name="TC_inactiveVehicleListUrl" time="0.031">
    <failure type="java.lang.AssertionError" message="expected [https://uyenotest.infotracktelematics.com/mcdashboard#] but found [null#]">
      <![CDATA[java.lang.AssertionError: expected [https://uyenotest.infotracktelematics.com/mcdashboard#] but found [null#]
at com.qa.Utils.TestUtils.assertEquals(TestUtils.java:189)
at com.qa.Utils.TestUtils.verifyPageUrl(TestUtils.java:122)
at dashboard.InactiveVehicleListPageTest.TC_inactiveVehicleListUrl(InactiveVehicleListPageTest.java:40)
at java.base/java.util.ArrayList.forEach(ArrayList.java:1511)
... Removed 32 stack frames]]>
    </failure>
  </testcase> <!-- TC_inactiveVehicleListUrl -->
  <testcase classname="dashboard.InactiveVehicleListPageTest" name="TC_inactiveVehicleListdownloadBtnColor" time="3.06"/>
  <testcase classname="dashboard.InactiveVehicleListPageTest" name="TC_inactiveVehicleListdownloadBtnColorAfterClick" time="2.185">
    <failure type="java.lang.AssertionError" message="expected [#f2704e] but found [#413ea0]">
      <![CDATA[java.lang.AssertionError: expected [#f2704e] but found [#413ea0]
at com.qa.Utils.TestUtils.assertEquals(TestUtils.java:189)
at com.qa.Utils.TestUtils.colorVerify(TestUtils.java:204)
at dashboard.InactiveVehicleListPageTest.TC_inactiveVehicleListdownloadBtnColorAfterClick(InactiveVehicleListPageTest.java:140)
at java.base/java.util.ArrayList.forEach(ArrayList.java:1511)
... Removed 32 stack frames]]>
    </failure>
  </testcase> <!-- TC_inactiveVehicleListdownloadBtnColorAfterClick -->
  <testcase classname="dashboard.InactiveVehicleListPageTest" name="TC_inactiveVehiclePageHeader" time="0.202"/>
  <testcase classname="dashboard.InactiveVehicleListPageTest" name="TC_inactiveVehicleUpwardArrowBtn" time="1.331"/>
  <testcase classname="dashboard.InactiveVehicleListPageTest" name="TC_inactiveVehicleListDownloadCSV" time="0.372"/>
  <testcase classname="dashboard.InactiveVehicleListPageTest" name="TC_inactiveVehicleListDownloadPDF" time="11.78"/>
  <testcase classname="dashboard.InactiveVehicleListPageTest" name="TC_inactiveVehicleListRecordsPerPageList" time="1.815"/>
</testsuite> <!-- Test -->
