<?xml version="1.0" encoding="UTF-8"?>
<!-- Generated by org.testng.reporters.JUnitReportReporter -->
<testsuite hostname="DESKTOP-390DHBP" failures="0" tests="8" name="videoStatus.VideoStatusFunctionsTest" time="90.590" errors="1" timestamp="2023-02-24T20:54:40 IST" skipped="0">
  <testcase classname="videoStatus.VideoStatusFunctionsTest" name="TC_videoStatusRecordsPerPageList" time="7.368"/>
  <system-out>
    <![CDATA[Browser: <span style='color:teal'>chrome
Language: <span style='color:teal'>english
Login Role: <span style='color:teal'>super admin
TC_videoStatusRecordsPerPageList Testcase execution Started
<em><b>"This method validates Records per page dropdown list entries in Video Status Report"
Performed click action on Records per page Dropdown field
Records per page entries are [20, 40, 60]
TC_videoStatusRecordsPerPageList Testcase execution Completed]]>
  </system-out>
  <testcase classname="videoStatus.VideoStatusFunctionsTest" name="TC_videoStatusMapIt" time="0.710"/>
  <system-out>
    <![CDATA[Browser: <span style='color:teal'>chrome
Language: <span style='color:teal'>english
Login Role: <span style='color:teal'>super admin
TC_videoStatusMapIt Testcase execution Started
<em><b>"This method verifies Video Status report Map It functionality"
Performed click action on Map It field
Map It window verified for the Vehicle Number: 72085
Performed click action on Map It Close button field
TC_videoStatusMapIt Testcase execution Completed]]>
  </system-out>
  <testcase classname="videoStatus.VideoStatusFunctionsTest" name="TC_videoStatusRecordsPerPageText" time="0.125"/>
  <system-out>
    <![CDATA[Browser: <span style='color:teal'>chrome
Language: <span style='color:teal'>english
Login Role: <span style='color:teal'>super admin
TC_videoStatusRecordsPerPageText Testcase execution Started
<em><b>"This method validates Records per Page text is displayed on Report generation"
TC_videoStatusRecordsPerPageText Testcase execution Completed]]>
  </system-out>
  <testcase classname="videoStatus.VideoStatusFunctionsTest" name="TC_videoStatusRecordsPerPage" time="13.103"/>
  <system-out>
    <![CDATA[Browser: <span style='color:teal'>chrome
Language: <span style='color:teal'>english
Login Role: <span style='color:teal'>super admin
TC_videoStatusRecordsPerPage Testcase execution Started
<em><b>"This method verifies Records per Page functionality in Video Status screen"
TC_videoStatusRecordsPerPage Testcase execution Completed]]>
  </system-out>
  <testcase classname="videoStatus.VideoStatusFunctionsTest" name="TC_videoStatusSort" time="37.071"/>
  <system-out>
    <![CDATA[Browser: <span style='color:teal'>chrome
Language: <span style='color:teal'>english
Login Role: <span style='color:teal'>super admin
TC_videoStatusSort Testcase execution Started
<em><b>"This method verifies Video Status report Sort functionality"
Mouse hovered and clicked the element Table Sort button
Table records are sorted
TC_videoStatusSort Testcase execution Completed]]>
  </system-out>
  <testcase classname="videoStatus.VideoStatusFunctionsTest" name="TC_videoStatusScroll" time="5.393">
    <error message="no such element: Unable to locate element: {&quot;method&quot;:&quot;xpath&quot;,&quot;selector&quot;:&quot;//button[contains(@class,&#039;MuiButton-containedPrimary&#039;)][2]&quot;}
  (Session info: chrome=110.0.5481.177)
For documentation on this error, please visit: https://selenium.dev/exceptions/#no_such_element
Build info: version: &#039;4.8.0&#039;, revision: &#039;267030adea&#039;
System info: os.name: &#039;Windows 11&#039;, os.arch: &#039;amd64&#039;, os.version: &#039;10.0&#039;, java.version: &#039;17.0.6&#039;
Driver info: org.openqa.selenium.chrome.ChromeDriver
Command: [241b33c1cce419e47e8fd06bb49bc980, findElement {using=xpath, value=//button[contains(@class,&#039;MuiButton-containedPrimary&#039;)][2]}]
Capabilities {acceptInsecureCerts: false, browserName: chrome, browserVersion: 110.0.5481.177, chrome: {chromedriverVersion: 110.0.5481.77 (65ed616c6e8e..., userDataDir: C:\Users\Nikkil\AppData\Loc...}, goog:chromeOptions: {debuggerAddress: localhost:53097}, networkConnectionEnabled: false, pageLoadStrategy: normal, platformName: WINDOWS, proxy: Proxy(), se:cdp: ws://localhost:53097/devtoo..., se:cdpVersion: 110.0.5481.177, setWindowRect: true, strictFileInteractability: false, timeouts: {implicit: 0, pageLoad: 300000, script: 30000}, unhandledPromptBehavior: dismiss and notify, webauthn:extension:credBlob: true, webauthn:extension:largeBlob: true, webauthn:virtualAuthenticators: true}
Session ID: 241b33c1cce419e47e8fd06bb49bc980" type="org.openqa.selenium.NoSuchElementException">
      <![CDATA[org.openqa.selenium.NoSuchElementException: no such element: Unable to locate element: {"method":"xpath","selector":"//button[contains(@class,'MuiButton-containedPrimary')][2]"}
  (Session info: chrome=110.0.5481.177)
For documentation on this error, please visit: https://selenium.dev/exceptions/#no_such_element
Build info: version: '4.8.0', revision: '267030adea'
System info: os.name: 'Windows 11', os.arch: 'amd64', os.version: '10.0', java.version: '17.0.6'
Driver info: org.openqa.selenium.chrome.ChromeDriver
Command: [241b33c1cce419e47e8fd06bb49bc980, findElement {using=xpath, value=//button[contains(@class,'MuiButton-containedPrimary')][2]}]
Capabilities {acceptInsecureCerts: false, browserName: chrome, browserVersion: 110.0.5481.177, chrome: {chromedriverVersion: 110.0.5481.77 (65ed616c6e8e..., userDataDir: C:\Users\Nikkil\AppData\Loc...}, goog:chromeOptions: {debuggerAddress: localhost:53097}, networkConnectionEnabled: false, pageLoadStrategy: normal, platformName: WINDOWS, proxy: Proxy(), se:cdp: ws://localhost:53097/devtoo..., se:cdpVersion: 110.0.5481.177, setWindowRect: true, strictFileInteractability: false, timeouts: {implicit: 0, pageLoad: 300000, script: 30000}, unhandledPromptBehavior: dismiss and notify, webauthn:extension:credBlob: true, webauthn:extension:largeBlob: true, webauthn:virtualAuthenticators: true}
Session ID: 241b33c1cce419e47e8fd06bb49bc980
at java.base/jdk.internal.reflect.NativeConstructorAccessorImpl.newInstance0(Native Method)
at java.base/jdk.internal.reflect.NativeConstructorAccessorImpl.newInstance(NativeConstructorAccessorImpl.java:77)
at java.base/jdk.internal.reflect.DelegatingConstructorAccessorImpl.newInstance(DelegatingConstructorAccessorImpl.java:45)
at java.base/java.lang.reflect.Constructor.newInstanceWithCaller(Constructor.java:499)
at java.base/java.lang.reflect.Constructor.newInstance(Constructor.java:480)
at org.openqa.selenium.remote.codec.w3c.W3CHttpResponseCodec.createException(W3CHttpResponseCodec.java:200)
at org.openqa.selenium.remote.codec.w3c.W3CHttpResponseCodec.decode(W3CHttpResponseCodec.java:133)
at org.openqa.selenium.remote.codec.w3c.W3CHttpResponseCodec.decode(W3CHttpResponseCodec.java:53)
at org.openqa.selenium.remote.HttpCommandExecutor.execute(HttpCommandExecutor.java:184)
at org.openqa.selenium.remote.service.DriverCommandExecutor.invokeExecute(DriverCommandExecutor.java:167)
at org.openqa.selenium.remote.service.DriverCommandExecutor.execute(DriverCommandExecutor.java:142)
at org.openqa.selenium.remote.RemoteWebDriver.execute(RemoteWebDriver.java:543)
at org.openqa.selenium.remote.ElementLocation$ElementFinder$2.findElement(ElementLocation.java:162)
at org.openqa.selenium.remote.ElementLocation.findElement(ElementLocation.java:60)
at org.openqa.selenium.remote.RemoteWebDriver.findElement(RemoteWebDriver.java:352)
at org.openqa.selenium.remote.RemoteWebDriver.findElement(RemoteWebDriver.java:344)
at org.openqa.selenium.support.pagefactory.DefaultElementLocator.findElement(DefaultElementLocator.java:70)
at org.openqa.selenium.support.pagefactory.internal.LocatingElementHandler.invoke(LocatingElementHandler.java:39)
at jdk.proxy2/jdk.proxy2.$Proxy37.isDisplayed(Unknown Source)
at com.qa.Utils.TestUtils.isDisplayed(TestUtils.java:91)
at com.qa.Pages.ActionsPage.verifyUpwardArrowBtn(ActionsPage.java:418)
at videoStatus.VideoStatusFunctionsTest.TC_videoStatusScroll(VideoStatusFunctionsTest.java:57)
at java.base/jdk.internal.reflect.NativeMethodAccessorImpl.invoke0(Native Method)
at java.base/jdk.internal.reflect.NativeMethodAccessorImpl.invoke(NativeMethodAccessorImpl.java:77)
at java.base/jdk.internal.reflect.DelegatingMethodAccessorImpl.invoke(DelegatingMethodAccessorImpl.java:43)
at java.base/java.lang.reflect.Method.invoke(Method.java:568)
at org.testng.internal.invokers.MethodInvocationHelper.invokeMethod(MethodInvocationHelper.java:139)
at org.testng.internal.invokers.TestInvoker.invokeMethod(TestInvoker.java:677)
at org.testng.internal.invokers.TestInvoker.invokeTestMethod(TestInvoker.java:221)
at org.testng.internal.invokers.MethodRunner.runInSequence(MethodRunner.java:50)
at org.testng.internal.invokers.TestInvoker$MethodInvocationAgent.invoke(TestInvoker.java:969)
at org.testng.internal.invokers.TestInvoker.invokeTestMethods(TestInvoker.java:194)
at org.testng.internal.invokers.TestMethodWorker.invokeTestMethods(TestMethodWorker.java:148)
at org.testng.internal.invokers.TestMethodWorker.run(TestMethodWorker.java:128)
at java.base/java.util.ArrayList.forEach(ArrayList.java:1511)
at org.testng.TestRunner.privateRun(TestRunner.java:829)
at org.testng.TestRunner.run(TestRunner.java:602)
at org.testng.SuiteRunner.runTest(SuiteRunner.java:437)
at org.testng.SuiteRunner.runSequentially(SuiteRunner.java:431)
at org.testng.SuiteRunner.privateRun(SuiteRunner.java:391)
at org.testng.SuiteRunner.run(SuiteRunner.java:330)
at org.testng.SuiteRunnerWorker.runSuite(SuiteRunnerWorker.java:52)
at org.testng.SuiteRunnerWorker.run(SuiteRunnerWorker.java:95)
at org.testng.TestNG.runSuitesSequentially(TestNG.java:1256)
at org.testng.TestNG.runSuitesLocally(TestNG.java:1176)
at org.testng.TestNG.runSuites(TestNG.java:1099)
at org.testng.TestNG.run(TestNG.java:1067)
at org.testng.remote.AbstractRemoteTestNG.run(AbstractRemoteTestNG.java:115)
at org.testng.remote.RemoteTestNG.initAndRun(RemoteTestNG.java:251)
at org.testng.remote.RemoteTestNG.main(RemoteTestNG.java:77)
]]>
    </error>
  </testcase> <!-- TC_videoStatusScroll -->
  <system-out>
    <![CDATA[Browser: <span style='color:teal'>chrome
Language: <span style='color:teal'>english
Login Role: <span style='color:teal'>super admin
TC_videoStatusScroll Testcase execution Started
<em><b>"This method verifies Video Status report Upward Arrow button functionality"
The page is scrolled to the end
Performed click action on Upward Arrow button
TC_videoStatusScroll Testcase execution Failed]]>
  </system-out>
  <testcase classname="videoStatus.VideoStatusFunctionsTest" name="TC_videoStatusAlertVideo" time="1.133"/>
  <system-out>
    <![CDATA[Browser: <span style='color:teal'>chrome
Language: <span style='color:teal'>english
Login Role: <span style='color:teal'>super admin
TC_videoStatusAlertVideo Testcase execution Started
<em><b>"This method verifies Video Status report Alert Video functionality"
Performed click action on Alert Video field
Performed click action on Video Fullscreen button field
Alert video window verified for the Vehicle Number: 72085
Performed click action on Video Close button field
TC_videoStatusAlertVideo Testcase execution Completed]]>
  </system-out>
  <testcase classname="videoStatus.VideoStatusFunctionsTest" name="TC_videoStatusSearch" time="25.687"/>
  <system-out>
    <![CDATA[Browser: <span style='color:teal'>chrome
Language: <span style='color:teal'>english
Login Role: <span style='color:teal'>super admin
TC_videoStatusSearch Testcase execution Started
<em><b>"This method verifies Video Status report Search functionality"
Performed click action on Filters toolbar field
Performed click action on Filters toolbar Columns dropdown field
Entered text <b>"Alert Type"</b> in the Filters toolbar Columns dropdown field
Entered text <b>"Sharp turn"</b> in the Filters toolbar Value Text field field
Searching for the <b>Sharp turn Alert Type
Total Number of rows count in a table: 63
Number of records present for the searched element: 63
TC_videoStatusSearch Testcase execution Completed]]>
  </system-out>
</testsuite> <!-- videoStatus.VideoStatusFunctionsTest -->
