<?xml version="1.0" encoding="UTF-8"?>
<!-- Generated by org.testng.reporters.JUnitReportReporter -->
<testsuite hostname="DESKTOP-390DHBP" failures="1" tests="6" name="dashboard.AllVehiclesTest" time="3.571" errors="0" timestamp="2023-02-24T20:54:40 IST" skipped="0">
  <testcase classname="dashboard.AllVehiclesTest" name="TC_allVehiclesicon" time="0.024"/>
  <system-out>
    <![CDATA[Browser: <span style='color:teal'>chrome
Language: <span style='color:teal'>english
Login Role: <span style='color:teal'>super admin
TC_allVehiclesicon Testcase execution Started
<em><b>"This method validates All Vehicles icon background is displayed"
All Vehicles Logo is displayed
TC_allVehiclesicon Testcase execution Completed]]>
  </system-out>
  <testcase classname="dashboard.AllVehiclesTest" name="TC_allVehiclesPercent" time="0.251">
    <failure message="expected [101] but found [100]" type="java.lang.AssertionError">
      <![CDATA[java.lang.AssertionError: expected [101] but found [100]
at org.testng.Assert.fail(Assert.java:110)
at org.testng.Assert.failNotEquals(Assert.java:1577)
at org.testng.Assert.assertEqualsImpl(Assert.java:149)
at org.testng.Assert.assertEquals(Assert.java:131)
at org.testng.Assert.assertEquals(Assert.java:643)
at com.qa.Utils.TestUtils.assertEquals(TestUtils.java:190)
at dashboard.AllVehiclesTest.TC_allVehiclesPercent(AllVehiclesTest.java:32)
at java.base/jdk.internal.reflect.NativeMethodAccessorImpl.invoke0(Native Method)
at java.base/jdk.internal.reflect.NativeMethodAccessorImpl.invoke(NativeMethodAccessorImpl.java:77)
at java.base/jdk.internal.reflect.DelegatingMethodAccessorImpl.invoke(DelegatingMethodAccessorImpl.java:43)
at java.base/java.lang.reflect.Method.invoke(Method.java:568)
at org.testng.internal.invokers.MethodInvocationHelper.invokeMethod(MethodInvocationHelper.java:139)
at org.testng.internal.invokers.TestInvoker.invokeMethod(TestInvoker.java:677)
at org.testng.internal.invokers.TestInvoker.invokeTestMethod(TestInvoker.java:221)
at org.testng.internal.invokers.MethodRunner.runInSequence(MethodRunner.java:50)
at org.testng.internal.invokers.TestInvoker$MethodInvocationAgent.invoke(TestInvoker.java:969)
at org.testng.internal.invokers.TestInvoker.invokeTestMethods(TestInvoker.java:194)
at org.testng.internal.invokers.TestMethodWorker.invokeTestMethods(TestMethodWorker.java:148)
at org.testng.internal.invokers.TestMethodWorker.run(TestMethodWorker.java:128)
at java.base/java.util.ArrayList.forEach(ArrayList.java:1511)
at org.testng.TestRunner.privateRun(TestRunner.java:829)
at org.testng.TestRunner.run(TestRunner.java:602)
at org.testng.SuiteRunner.runTest(SuiteRunner.java:437)
at org.testng.SuiteRunner.runSequentially(SuiteRunner.java:431)
at org.testng.SuiteRunner.privateRun(SuiteRunner.java:391)
at org.testng.SuiteRunner.run(SuiteRunner.java:330)
at org.testng.SuiteRunnerWorker.runSuite(SuiteRunnerWorker.java:52)
at org.testng.SuiteRunnerWorker.run(SuiteRunnerWorker.java:95)
at org.testng.TestNG.runSuitesSequentially(TestNG.java:1256)
at org.testng.TestNG.runSuitesLocally(TestNG.java:1176)
at org.testng.TestNG.runSuites(TestNG.java:1099)
at org.testng.TestNG.run(TestNG.java:1067)
at org.testng.remote.AbstractRemoteTestNG.run(AbstractRemoteTestNG.java:115)
at org.testng.remote.RemoteTestNG.initAndRun(RemoteTestNG.java:251)
at org.testng.remote.RemoteTestNG.main(RemoteTestNG.java:77)
]]>
    </failure>
  </testcase> <!-- TC_allVehiclesPercent -->
  <system-out>
    <![CDATA[Browser: <span style='color:teal'>chrome
Language: <span style='color:teal'>english
Login Role: <span style='color:teal'>super admin
TC_allVehiclesPercent Testcase execution Started
<em><b>"This method verifies All Vehicles percent"
All vehicles Percent: <b>100%
Sum of Moving, Stopped, Idle, Inactive and Operation vehicles percent: <b>101%
TC_allVehiclesPercent Testcase execution Failed]]>
  </system-out>
  <testcase classname="dashboard.AllVehiclesTest" name="TC_allVehiclesColor" time="1.037"/>
  <system-out>
    <![CDATA[Browser: <span style='color:teal'>chrome
Language: <span style='color:teal'>english
Login Role: <span style='color:teal'>super admin
TC_allVehiclesColor Testcase execution Started
<em><b>"This method verifies All Vehicles background color"
All Vehicles Background color defined : <b>#970e52</b>
All Vehicles Background color displayed : <b>#970e52</b>
All Vehicles background colour matches the defined colour code
TC_allVehiclesColor Testcase execution Completed]]>
  </system-out>
  <testcase classname="dashboard.AllVehiclesTest" name="TC_allVehiclesCount" time="0.218"/>
  <system-out>
    <![CDATA[Browser: <span style='color:teal'>chrome
Language: <span style='color:teal'>english
Login Role: <span style='color:teal'>super admin
TC_allVehiclesCount Testcase execution Started
<em><b>"This method verifies All Vehicles count"
All vehicles count: <b>34
Sum of Moving, Stopped, Idle, Inactive and Operation vehicles Count: <b>34
The total number of vehicles matches the sum of moving, stopped, idle, inactive and operation vehicles
TC_allVehiclesCount Testcase execution Completed]]>
  </system-out>
  <testcase classname="dashboard.AllVehiclesTest" name="TC_allVehiclesViewDetails" time="0.207"/>
  <system-out>
    <![CDATA[Browser: <span style='color:teal'>chrome
Language: <span style='color:teal'>english
Login Role: <span style='color:teal'>super admin
TC_allVehiclesViewDetails Testcase execution Started
<em><b>"This method verifies All Vehicles View Details hyperlink"
All Vehicles Vehicle count: <b>34
All Vehicles Vehicle List is displayed
TC_allVehiclesViewDetails Testcase execution Completed]]>
  </system-out>
  <testcase classname="dashboard.AllVehiclesTest" name="TC_allVehiclesViewonMap" time="1.834"/>
  <system-out>
    <![CDATA[Browser: <span style='color:teal'>chrome
Language: <span style='color:teal'>english
Login Role: <span style='color:teal'>super admin
TC_allVehiclesViewonMap Testcase execution Started
<em><b>"This method verifies All Vehicles View Map hyperlink"
Performed click action on Back button
Performed click action on All vehicles View on Map
All Vehicle count: <b>34
Navigated to Track on Map screen
TC_allVehiclesViewonMap Testcase execution Completed]]>
  </system-out>
</testsuite> <!-- dashboard.AllVehiclesTest -->
