<?xml version="1.0" encoding="UTF-8"?>
<!-- Generated by org.testng.reporters.JUnitReportReporter -->
<testsuite hostname="DESKTOP-390DHBP" failures="0" tests="9" name="dashboard.AlertsChartTest" time="12.391" errors="1" timestamp="2023-03-03T12:06:03 IST" skipped="8">
  <testcase classname="dashboard.AlertsChartTest" name="TC_weeklyAlertsToggleColor" time="0.001">
    <skipped/>
  </testcase> <!-- TC_weeklyAlertsToggleColor -->
  <system-out/>
  <testcase classname="dashboard.AlertsChartTest" name="TC_weeklyAlertsToggleColorAfterClick" time="0.000">
    <skipped/>
  </testcase> <!-- TC_weeklyAlertsToggleColorAfterClick -->
  <system-out/>
  <testcase classname="dashboard.AlertsChartTest" name="TC_dailyAlertsToggleColor" time="0.001">
    <skipped/>
  </testcase> <!-- TC_dailyAlertsToggleColor -->
  <system-out/>
  <testcase classname="dashboard.AlertsChartTest" name="TC_weeklyAlertsToggleName" time="0.000">
    <skipped/>
  </testcase> <!-- TC_weeklyAlertsToggleName -->
  <system-out/>
  <testcase classname="dashboard.AlertsChartTest" name="TC_dailyAlertsToggleColorAfterClick" time="0.000">
    <skipped/>
  </testcase> <!-- TC_dailyAlertsToggleColorAfterClick -->
  <system-out/>
  <testcase classname="dashboard.AlertsChartTest" name="TC_dailyAlertsToggleName" time="0.002">
    <skipped/>
  </testcase> <!-- TC_dailyAlertsToggleName -->
  <system-out/>
  <testcase classname="dashboard.AlertsChartTest" name="preSetup" time="12.387">
    <error message="Driver must be set" type="java.lang.IllegalArgumentException">
      <![CDATA[java.lang.IllegalArgumentException: Driver must be set
at org.openqa.selenium.internal.Require.nonNull(Require.java:59)
at org.openqa.selenium.interactions.Actions.<init>(Actions.java:60)
at com.qa.Utils.InputActions.scrollintoView(InputActions.java:162)
at dashboard.AlertsChartTest.preSetup(AlertsChartTest.java:19)
at java.base/jdk.internal.reflect.NativeMethodAccessorImpl.invoke0(Native Method)
at java.base/jdk.internal.reflect.NativeMethodAccessorImpl.invoke(NativeMethodAccessorImpl.java:77)
at java.base/jdk.internal.reflect.DelegatingMethodAccessorImpl.invoke(DelegatingMethodAccessorImpl.java:43)
at java.base/java.lang.reflect.Method.invoke(Method.java:568)
at org.testng.internal.invokers.MethodInvocationHelper.invokeMethod(MethodInvocationHelper.java:139)
at org.testng.internal.invokers.MethodInvocationHelper.invokeMethodConsideringTimeout(MethodInvocationHelper.java:69)
at org.testng.internal.invokers.ConfigInvoker.invokeConfigurationMethod(ConfigInvoker.java:361)
at org.testng.internal.invokers.ConfigInvoker.invokeConfigurations(ConfigInvoker.java:296)
at org.testng.internal.invokers.TestMethodWorker.invokeBeforeClassMethods(TestMethodWorker.java:180)
at org.testng.internal.invokers.TestMethodWorker.run(TestMethodWorker.java:122)
at java.base/java.util.ArrayList.forEach(ArrayList.java:1511)
at org.testng.TestRunner.privateRun(TestRunner.java:829)
at org.testng.TestRunner.run(TestRunner.java:602)
at org.testng.SuiteRunner.runTest(SuiteRunner.java:437)
at org.testng.SuiteRunner.runSequentially(SuiteRunner.java:431)
at org.testng.SuiteRunner.privateRun(SuiteRunner.java:391)
at org.testng.SuiteRunner.run(SuiteRunner.java:330)
at org.testng.SuiteRunnerWorker.runSuite(SuiteRunnerWorker.java:52)
at org.testng.SuiteRunnerWorker.run(SuiteRunnerWorker.java:95)
at org.testng.TestNG.runSuitesSequentially(TestNG.java:1256)
at org.testng.TestNG.runSuitesLocally(TestNG.java:1176)
at org.testng.TestNG.runSuites(TestNG.java:1099)
at org.testng.TestNG.run(TestNG.java:1067)
at org.testng.remote.AbstractRemoteTestNG.run(AbstractRemoteTestNG.java:115)
at org.testng.remote.RemoteTestNG.initAndRun(RemoteTestNG.java:251)
at org.testng.remote.RemoteTestNG.main(RemoteTestNG.java:77)
]]>
    </error>
  </testcase> <!-- preSetup -->
  <system-out>
    <![CDATA[Navigated to:'https://uyenotest.infotracktelematics.com/login-test/'
Performed click action on Username field
Entered text <b>"InfoAdmin"</b> in the Username field]]>
  </system-out>
  <testcase classname="dashboard.AlertsChartTest" name="TC_dailyAlertsChart" time="0.000">
    <skipped/>
  </testcase> <!-- TC_dailyAlertsChart -->
  <system-out/>
  <testcase classname="dashboard.AlertsChartTest" name="TC_weeklyAlertsChart" time="0.000">
    <skipped/>
  </testcase> <!-- TC_weeklyAlertsChart -->
  <system-out/>
</testsuite> <!-- dashboard.AlertsChartTest -->
