<?xml version="1.0" encoding="UTF-8"?>
<!-- Generated by org.testng.reporters.JUnitReportReporter -->
<testsuite hostname="DESKTOP-390DHBP" failures="0" tests="24" name="users.UsersListPageTest" time="106.809" errors="1" timestamp="2023-02-24T20:54:40 IST" skipped="0">
  <testcase classname="users.UsersListPageTest" name="TC_usersColumnsBtnColor" time="1.036"/>
  <system-out>
    <![CDATA[Browser: <span style='color:teal'>chrome
Language: <span style='color:teal'>english
Login Role: <span style='color:teal'>super admin
TC_usersColumnsBtnColor Testcase execution Started
<em><b>"This method validates Users screen Columns toolbar color"
Columns Toolbar Background color defined : <b>#413ea0</b>
Columns Toolbar Background color displayed : <b>#413ea0</b>
Columns Toolbar background colour matches the defined colour code
TC_usersColumnsBtnColor Testcase execution Completed]]>
  </system-out>
  <testcase classname="users.UsersListPageTest" name="TC_usersRecordsPerPageText" time="0.080"/>
  <system-out>
    <![CDATA[Browser: <span style='color:teal'>chrome
Language: <span style='color:teal'>english
Login Role: <span style='color:teal'>super admin
TC_usersRecordsPerPageText Testcase execution Started
<em><b>"This method validates Records per Page text is displayed in Users Screen"
TC_usersRecordsPerPageText Testcase execution Completed]]>
  </system-out>
  <testcase classname="users.UsersListPageTest" name="TC_usersFiltersBtnColor" time="1.547"/>
  <system-out>
    <![CDATA[Browser: <span style='color:teal'>chrome
Language: <span style='color:teal'>english
Login Role: <span style='color:teal'>super admin
TC_usersFiltersBtnColor Testcase execution Started
<em><b>"This method validates Users screen Filters toolbar color"
Filters Toolbar Background color defined : <b>#413ea0</b>
Filters Toolbar Background color displayed : <b>#413ea0</b>
Filters Toolbar background colour matches the defined colour code
TC_usersFiltersBtnColor Testcase execution Completed]]>
  </system-out>
  <testcase classname="users.UsersListPageTest" name="TC_usersFiltersBtnColorAfterClick" time="2.223"/>
  <system-out>
    <![CDATA[Browser: <span style='color:teal'>chrome
Language: <span style='color:teal'>english
Login Role: <span style='color:teal'>super admin
TC_usersFiltersBtnColorAfterClick Testcase execution Started
<em><b>"This method validates Users screen Filters toolbar color after click"
Mouse hovered over the element Users Add screen Filters toolbar
Filters Toolbar after click Background color defined : <b>#f2704e</b>
Filters Toolbar after click Background color displayed : <b>#f2704e</b>
Filters Toolbar after click background colour matches the defined colour code
TC_usersFiltersBtnColorAfterClick Testcase execution Completed]]>
  </system-out>
  <testcase classname="users.UsersListPageTest" name="TC_usersFiltersDeleteBtn" time="0.586"/>
  <system-out>
    <![CDATA[Browser: <span style='color:teal'>chrome
Language: <span style='color:teal'>english
Login Role: <span style='color:teal'>super admin
TC_usersFiltersDeleteBtn Testcase execution Started
<em><b>"This method validates Users screen Filters toolbar Delete functionality"
Performed click action on Filters toolbar field
Entering data in Filters text field <b>abcd
Entered text <b>"abcd"</b> in the Filters toolbar text field field
Performed click action on Filters toolbar Delete button field
Entered data is cleared from the text field
TC_usersFiltersDeleteBtn Testcase execution Completed]]>
  </system-out>
  <testcase classname="users.UsersListPageTest" name="TC_usersDownloadList" time="0.206"/>
  <system-out>
    <![CDATA[Browser: <span style='color:teal'>chrome
Language: <span style='color:teal'>english
Login Role: <span style='color:teal'>super admin
TC_usersDownloadList Testcase execution Started
<em><b>"This method validates Users screen Download toolbar List"
Performed click action on Download toolbar field
Download menu list are [ CSV,  PDF]
TC_usersDownloadList Testcase execution Completed]]>
  </system-out>
  <testcase classname="users.UsersListPageTest" name="TC_usersRecordsPerPage" time="6.679"/>
  <system-out>
    <![CDATA[Browser: <span style='color:teal'>chrome
Language: <span style='color:teal'>english
Login Role: <span style='color:teal'>super admin
TC_usersRecordsPerPage Testcase execution Started
<em><b>"This method verifies Users screen Records per Page functionality"
TC_usersRecordsPerPage Testcase execution Completed]]>
  </system-out>
  <testcase classname="users.UsersListPageTest" name="TC_usersPageUrl" time="0.008"/>
  <system-out>
    <![CDATA[Browser: <span style='color:teal'>chrome
Language: <span style='color:teal'>english
Login Role: <span style='color:teal'>super admin
TC_usersPageUrl Testcase execution Started
<em><b>"This method verifies Users screen URL"
Verifying Users page URL
Page URL is <b>https://uyenotest.infotracktelematics.com/management
TC_usersPageUrl Testcase execution Completed]]>
  </system-out>
  <testcase classname="users.UsersListPageTest" name="TC_usersFiltersTooltip" time="4.074"/>
  <system-out>
    <![CDATA[Browser: <span style='color:teal'>chrome
Language: <span style='color:teal'>english
Login Role: <span style='color:teal'>super admin
TC_usersFiltersTooltip Testcase execution Started
<em><b>"This method validates Users screen Filters toolbar tooltip text"
Mouse hovered over the element Video Status Filters
Tooltip text for the Video Status Filters is: <b>Show filters
The tooltip text appears correctly
TC_usersFiltersTooltip Testcase execution Completed]]>
  </system-out>
  <testcase classname="users.UsersListPageTest" name="TC_usersdownloadBtnColorAfterClick" time="2.183"/>
  <system-out>
    <![CDATA[Browser: <span style='color:teal'>chrome
Language: <span style='color:teal'>english
Login Role: <span style='color:teal'>super admin
TC_usersdownloadBtnColorAfterClick Testcase execution Started
<em><b>"This method validates Users screen Download toolbar color after click"
Mouse hovered over the element Users Add screen Download toolbar
Download Toolbar after click Background color defined : <b>#f2704e</b>
Download Toolbar after click Background color displayed : <b>#f2704e</b>
Download Toolbar after click background colour matches the defined colour code
TC_usersdownloadBtnColorAfterClick Testcase execution Completed]]>
  </system-out>
  <testcase classname="users.UsersListPageTest" name="TC_usersFiltersList" time="6.383"/>
  <system-out>
    <![CDATA[Browser: <span style='color:teal'>chrome
Language: <span style='color:teal'>english
Login Role: <span style='color:teal'>super admin
TC_usersFiltersList Testcase execution Started
<em><b>"This method validates Users screen Filters toolbar List"
Performed click action on Filters toolbar field
Filter Columns dropdown list are []
The headers of the table are     [#, Client Name, User Name, Mobile Number, Email, Role, Validity, City, Address]
The Filter columns list matches the table headers
TC_usersFiltersList Testcase execution Completed]]>
  </system-out>
  <testcase classname="users.UsersListPageTest" name="TC_usersColumnsBtnColorAfterClick" time="2.195"/>
  <system-out>
    <![CDATA[Browser: <span style='color:teal'>chrome
Language: <span style='color:teal'>english
Login Role: <span style='color:teal'>super admin
TC_usersColumnsBtnColorAfterClick Testcase execution Started
<em><b>"This method validates Users screen Columns toolbar color after click"
Mouse hovered over the element Users Add screen Columns toolbar
Columns Toolbar after click Background color defined : <b>#f2704e</b>
Columns Toolbar after click Background color displayed : <b>#f2704e</b>
Columns Toolbar after click background colour matches the defined colour code
TC_usersColumnsBtnColorAfterClick Testcase execution Completed]]>
  </system-out>
  <testcase classname="users.UsersListPageTest" name="TC_usersPageHeader" time="0.128"/>
  <system-out>
    <![CDATA[Browser: <span style='color:teal'>chrome
Language: <span style='color:teal'>english
Login Role: <span style='color:teal'>super admin
TC_usersPageHeader Testcase execution Started
<em><b>"This method verifies Users Page Header"
User List Page Header name is displayed
TC_usersPageHeader Testcase execution Completed]]>
  </system-out>
  <testcase classname="users.UsersListPageTest" name="TC_usersPageTitle" time="0.007"/>
  <system-out>
    <![CDATA[Browser: <span style='color:teal'>chrome
Language: <span style='color:teal'>english
Login Role: <span style='color:teal'>super admin
TC_usersPageTitle Testcase execution Started
<em><b>"This method verifies Users Page Title"
Verifying Users page title
Page Title is <b>FMS - Users
TC_usersPageTitle Testcase execution Completed]]>
  </system-out>
  <testcase classname="users.UsersListPageTest" name="TC_usersColumnsHideAll" time="10.366"/>
  <system-out>
    <![CDATA[Browser: <span style='color:teal'>chrome
Language: <span style='color:teal'>english
Login Role: <span style='color:teal'>super admin
TC_usersColumnsHideAll Testcase execution Started
<em><b>"This method validates Users screen Columns Hide All functionality"
Performed click action on Columns toolbar field
Performed click action on Columns toolbar Hide All button field
Total Number of columns count in a table: <b>0</b>
All the table columns are hidden
TC_usersColumnsHideAll Testcase execution Completed]]>
  </system-out>
  <testcase classname="users.UsersListPageTest" name="TC_usersSort" time="23.024"/>
  <system-out>
    <![CDATA[Browser: <span style='color:teal'>chrome
Language: <span style='color:teal'>english
Login Role: <span style='color:teal'>super admin
TC_usersSort Testcase execution Started
<em><b>"This method verifies Users screen Sort functionality"
Mouse hovered and clicked the element Table Sort button
Table records are sorted
TC_usersSort Testcase execution Completed]]>
  </system-out>
  <testcase classname="users.UsersListPageTest" name="TC_usersSearch" time="21.994"/>
  <system-out>
    <![CDATA[Browser: <span style='color:teal'>chrome
Language: <span style='color:teal'>english
Login Role: <span style='color:teal'>super admin
TC_usersSearch Testcase execution Started
<em><b>"This method verifies Users screen Search functionality"
Performed click action on Filters toolbar field
Performed click action on Filters toolbar Columns dropdown field
Entered text <b>"Role"</b> in the Filters toolbar Columns dropdown field
Entered text <b>"Super Admin"</b> in the Filters toolbar Value Text field field
Searching for the <b>Super Admin Role
Total Number of rows count in a table: 29
Number of records present for the searched element: 29
TC_usersSearch Testcase execution Completed]]>
  </system-out>
  <testcase classname="users.UsersListPageTest" name="TC_usersColmnsList" time="3.164"/>
  <system-out>
    <![CDATA[Browser: <span style='color:teal'>chrome
Language: <span style='color:teal'>english
Login Role: <span style='color:teal'>super admin
TC_usersColmnsList Testcase execution Started
<em><b>"This method validates Users screen Columns List"
Performed click action on Columns toolbar field
The Columns list are  [Checkbox selection, #, Client Name, User Name, Mobile Number, Email, Role, Validity, City, Address]
The table headers are [Checkbox selection, #, Client Name, User Name, Mobile Number, Email, Role, Validity, City, Address]
The columns list matches the table headers
TC_usersColmnsList Testcase execution Completed]]>
  </system-out>
  <testcase classname="users.UsersListPageTest" name="TC_usersRecordsPerPageList" time="2.725"/>
  <system-out>
    <![CDATA[Browser: <span style='color:teal'>chrome
Language: <span style='color:teal'>english
Login Role: <span style='color:teal'>super admin
TC_usersRecordsPerPageList Testcase execution Started
<em><b>"This method validates Records per page dropdown list entries in Users screen"
Performed click action on Records per page Dropdown field
Records per page entries are [10, 20, 30]
TC_usersRecordsPerPageList Testcase execution Completed]]>
  </system-out>
  <testcase classname="users.UsersListPageTest" name="TC_usersColumnsShowAll" time="1.035"/>
  <system-out>
    <![CDATA[Browser: <span style='color:teal'>chrome
Language: <span style='color:teal'>english
Login Role: <span style='color:teal'>super admin
TC_usersColumnsShowAll Testcase execution Started
<em><b>"This method validates Users screen Columns Show All functionality"
Performed click action on Columns toolbar field
The Columns list are  [Checkbox selection, #, Client Name, User Name, Mobile Number, Email, Role, Validity, City, Address]
Performed click action on Columns toolbar Show All button field
The table headers are [Checkbox selection, #, Client Name, User Name, Mobile Number, Email, Role, Validity, City, Address]
The columns list matches the table headers
TC_usersColumnsShowAll Testcase execution Completed]]>
  </system-out>
  <testcase classname="users.UsersListPageTest" name="TC_usersdownloadBtnColor" time="3.046"/>
  <system-out>
    <![CDATA[Browser: <span style='color:teal'>chrome
Language: <span style='color:teal'>english
Login Role: <span style='color:teal'>super admin
TC_usersdownloadBtnColor Testcase execution Started
<em><b>"This method validates Users screen Download toolbar color"
Download Toolbar Background color defined : <b>#413ea0</b>
Download Toolbar Background color displayed : <b>#413ea0</b>
Download Toolbar background colour matches the defined colour code
TC_usersdownloadBtnColor Testcase execution Completed]]>
  </system-out>
  <testcase classname="users.UsersListPageTest" name="TC_usersDownloadCSV" time="0.289"/>
  <system-out>
    <![CDATA[Browser: <span style='color:teal'>chrome
Language: <span style='color:teal'>english
Login Role: <span style='color:teal'>super admin
TC_usersDownloadCSV Testcase execution Started
<em><b>"This method validates Users screen CSV Download functionality"
Performed click action on Download toolbar field
Performed click action on CSV field
TC_usersDownloadCSV Testcase execution Completed]]>
  </system-out>
  <testcase classname="users.UsersListPageTest" name="TC_usersDownloadPDF" time="8.375"/>
  <system-out>
    <![CDATA[Browser: <span style='color:teal'>chrome
Language: <span style='color:teal'>english
Login Role: <span style='color:teal'>super admin
TC_usersDownloadPDF Testcase execution Started
<em><b>"This method validates Users screen PDF Download functionality"
Performed click action on Download toolbar field
Performed click action on PDF field
TC_usersDownloadPDF Testcase execution Completed]]>
  </system-out>
  <testcase classname="users.UsersListPageTest" name="TC_userUpwardArrowBtn" time="5.456">
    <error message="no such element: Unable to locate element: {&quot;method&quot;:&quot;xpath&quot;,&quot;selector&quot;:&quot;//button[contains(@class,&#039;MuiButton-containedPrimary&#039;)][2]&quot;}
  (Session info: chrome=110.0.5481.177)
For documentation on this error, please visit: https://selenium.dev/exceptions/#no_such_element
Build info: version: &#039;4.8.0&#039;, revision: &#039;267030adea&#039;
System info: os.name: &#039;Windows 11&#039;, os.arch: &#039;amd64&#039;, os.version: &#039;10.0&#039;, java.version: &#039;17.0.6&#039;
Driver info: org.openqa.selenium.chrome.ChromeDriver
Command: [dbb56f9ab87d7fd75433b6372e6fb13c, findElement {using=xpath, value=//button[contains(@class,&#039;MuiButton-containedPrimary&#039;)][2]}]
Capabilities {acceptInsecureCerts: false, browserName: chrome, browserVersion: 110.0.5481.177, chrome: {chromedriverVersion: 110.0.5481.77 (65ed616c6e8e..., userDataDir: C:\Users\Nikkil\AppData\Loc...}, goog:chromeOptions: {debuggerAddress: localhost:52674}, networkConnectionEnabled: false, pageLoadStrategy: normal, platformName: WINDOWS, proxy: Proxy(), se:cdp: ws://localhost:52674/devtoo..., se:cdpVersion: 110.0.5481.177, setWindowRect: true, strictFileInteractability: false, timeouts: {implicit: 0, pageLoad: 300000, script: 30000}, unhandledPromptBehavior: dismiss and notify, webauthn:extension:credBlob: true, webauthn:extension:largeBlob: true, webauthn:virtualAuthenticators: true}
Session ID: dbb56f9ab87d7fd75433b6372e6fb13c" type="org.openqa.selenium.NoSuchElementException">
      <![CDATA[org.openqa.selenium.NoSuchElementException: no such element: Unable to locate element: {"method":"xpath","selector":"//button[contains(@class,'MuiButton-containedPrimary')][2]"}
  (Session info: chrome=110.0.5481.177)
For documentation on this error, please visit: https://selenium.dev/exceptions/#no_such_element
Build info: version: '4.8.0', revision: '267030adea'
System info: os.name: 'Windows 11', os.arch: 'amd64', os.version: '10.0', java.version: '17.0.6'
Driver info: org.openqa.selenium.chrome.ChromeDriver
Command: [dbb56f9ab87d7fd75433b6372e6fb13c, findElement {using=xpath, value=//button[contains(@class,'MuiButton-containedPrimary')][2]}]
Capabilities {acceptInsecureCerts: false, browserName: chrome, browserVersion: 110.0.5481.177, chrome: {chromedriverVersion: 110.0.5481.77 (65ed616c6e8e..., userDataDir: C:\Users\Nikkil\AppData\Loc...}, goog:chromeOptions: {debuggerAddress: localhost:52674}, networkConnectionEnabled: false, pageLoadStrategy: normal, platformName: WINDOWS, proxy: Proxy(), se:cdp: ws://localhost:52674/devtoo..., se:cdpVersion: 110.0.5481.177, setWindowRect: true, strictFileInteractability: false, timeouts: {implicit: 0, pageLoad: 300000, script: 30000}, unhandledPromptBehavior: dismiss and notify, webauthn:extension:credBlob: true, webauthn:extension:largeBlob: true, webauthn:virtualAuthenticators: true}
Session ID: dbb56f9ab87d7fd75433b6372e6fb13c
at java.base/jdk.internal.reflect.NativeConstructorAccessorImpl.newInstance0(Native Method)
at java.base/jdk.internal.reflect.NativeConstructorAccessorImpl.newInstance(NativeConstructorAccessorImpl.java:77)
at java.base/jdk.internal.reflect.DelegatingConstructorAccessorImpl.newInstance(DelegatingConstructorAccessorImpl.java:45)
at java.base/java.lang.reflect.Constructor.newInstanceWithCaller(Constructor.java:499)
at java.base/java.lang.reflect.Constructor.newInstance(Constructor.java:480)
at org.openqa.selenium.remote.codec.w3c.W3CHttpResponseCodec.createException(W3CHttpResponseCodec.java:200)
at org.openqa.selenium.remote.codec.w3c.W3CHttpResponseCodec.decode(W3CHttpResponseCodec.java:133)
at org.openqa.selenium.remote.codec.w3c.W3CHttpResponseCodec.decode(W3CHttpResponseCodec.java:53)
at org.openqa.selenium.remote.HttpCommandExecutor.execute(HttpCommandExecutor.java:184)
at org.openqa.selenium.remote.service.DriverCommandExecutor.invokeExecute(DriverCommandExecutor.java:167)
at org.openqa.selenium.remote.service.DriverCommandExecutor.execute(DriverCommandExecutor.java:142)
at org.openqa.selenium.remote.RemoteWebDriver.execute(RemoteWebDriver.java:543)
at org.openqa.selenium.remote.ElementLocation$ElementFinder$2.findElement(ElementLocation.java:162)
at org.openqa.selenium.remote.ElementLocation.findElement(ElementLocation.java:60)
at org.openqa.selenium.remote.RemoteWebDriver.findElement(RemoteWebDriver.java:352)
at org.openqa.selenium.remote.RemoteWebDriver.findElement(RemoteWebDriver.java:344)
at org.openqa.selenium.support.pagefactory.DefaultElementLocator.findElement(DefaultElementLocator.java:70)
at org.openqa.selenium.support.pagefactory.internal.LocatingElementHandler.invoke(LocatingElementHandler.java:39)
at jdk.proxy2/jdk.proxy2.$Proxy37.isDisplayed(Unknown Source)
at com.qa.Utils.TestUtils.isDisplayed(TestUtils.java:91)
at com.qa.Pages.ActionsPage.verifyUpwardArrowBtn(ActionsPage.java:418)
at users.UsersListPageTest.TC_userUpwardArrowBtn(UsersListPageTest.java:152)
at java.base/jdk.internal.reflect.NativeMethodAccessorImpl.invoke0(Native Method)
at java.base/jdk.internal.reflect.NativeMethodAccessorImpl.invoke(NativeMethodAccessorImpl.java:77)
at java.base/jdk.internal.reflect.DelegatingMethodAccessorImpl.invoke(DelegatingMethodAccessorImpl.java:43)
at java.base/java.lang.reflect.Method.invoke(Method.java:568)
at org.testng.internal.invokers.MethodInvocationHelper.invokeMethod(MethodInvocationHelper.java:139)
at org.testng.internal.invokers.TestInvoker.invokeMethod(TestInvoker.java:677)
at org.testng.internal.invokers.TestInvoker.invokeTestMethod(TestInvoker.java:221)
at org.testng.internal.invokers.MethodRunner.runInSequence(MethodRunner.java:50)
at org.testng.internal.invokers.TestInvoker$MethodInvocationAgent.invoke(TestInvoker.java:969)
at org.testng.internal.invokers.TestInvoker.invokeTestMethods(TestInvoker.java:194)
at org.testng.internal.invokers.TestMethodWorker.invokeTestMethods(TestMethodWorker.java:148)
at org.testng.internal.invokers.TestMethodWorker.run(TestMethodWorker.java:128)
at java.base/java.util.ArrayList.forEach(ArrayList.java:1511)
at org.testng.TestRunner.privateRun(TestRunner.java:829)
at org.testng.TestRunner.run(TestRunner.java:602)
at org.testng.SuiteRunner.runTest(SuiteRunner.java:437)
at org.testng.SuiteRunner.runSequentially(SuiteRunner.java:431)
at org.testng.SuiteRunner.privateRun(SuiteRunner.java:391)
at org.testng.SuiteRunner.run(SuiteRunner.java:330)
at org.testng.SuiteRunnerWorker.runSuite(SuiteRunnerWorker.java:52)
at org.testng.SuiteRunnerWorker.run(SuiteRunnerWorker.java:95)
at org.testng.TestNG.runSuitesSequentially(TestNG.java:1256)
at org.testng.TestNG.runSuitesLocally(TestNG.java:1176)
at org.testng.TestNG.runSuites(TestNG.java:1099)
at org.testng.TestNG.run(TestNG.java:1067)
at org.testng.remote.AbstractRemoteTestNG.run(AbstractRemoteTestNG.java:115)
at org.testng.remote.RemoteTestNG.initAndRun(RemoteTestNG.java:251)
at org.testng.remote.RemoteTestNG.main(RemoteTestNG.java:77)
]]>
    </error>
  </testcase> <!-- TC_userUpwardArrowBtn -->
  <system-out>
    <![CDATA[Browser: <span style='color:teal'>chrome
Language: <span style='color:teal'>english
Login Role: <span style='color:teal'>super admin
TC_userUpwardArrowBtn Testcase execution Started
<em><b>"This method verifies Users screen Upward Arrow button functionality"
The page is scrolled to the end
Performed click action on Upward Arrow button
TC_userUpwardArrowBtn Testcase execution Failed]]>
  </system-out>
</testsuite> <!-- users.UsersListPageTest -->
